# mur		muf		alpsfact	dynamical_scale	pdf		cross-section
1.0		1.0		1.0		-1		247000		1.2474509000000114
0.5		0.5		1.0		-1		247000		1.6790424415197167
0.5		0.5		1.0		1		247000		1.6630225724314942
0.5		0.5		1.0		2		247000		1.2474938966658695
0.5		0.5		1.0		3		247000		1.6790848140127819
0.5		0.5		1.0		4		247000		1.2072222512938589
0.5		1.0		1.0		-1		247000		1.47533321881122
0.5		1.0		1.0		1		247000		1.45742853213525
0.5		1.0		1.0		2		247000		1.1048169195666053
0.5		1.0		1.0		3		247000		1.4753762155028798
0.5		1.0		1.0		4		247000		1.07051784429379
0.5		2.0		1.0		-1		247000		1.306577043407008
0.5		2.0		1.0		1		247000		1.2854945292857534
0.5		2.0		1.0		2		247000		0.9854802315996986
0.5		2.0		1.0		3		247000		1.3066197453711033
0.5		2.0		1.0		4		247000		0.9559834966492732
1.0		0.5		1.0		-1		247000		1.4196834895506167
1.0		0.5		1.0		1		247000		1.39435408415805
1.0		0.5		1.0		2		247000		1.0685867792542971
1.0		0.5		1.0		3		247000		1.4197258620138298
1.0		0.5		1.0		4		247000		1.0354267576483838
1.0		1.0		1.0		1		247000		1.2229489614246452
1.0		1.0		1.0		2		247000		0.9463848683039788
1.0		1.0		1.0		3		247000		1.2474938966658695
1.0		1.0		1.0		4		247000		0.9181776859591557
1.0		2.0		1.0		-1		247000		1.1047742176249302
1.0		2.0		1.0		1		247000		1.0794729212074061
1.0		2.0		1.0		2		247000		0.8441751404248469
1.0		2.0		1.0		3		247000		1.1048169195666053
1.0		2.0		1.0		4		247000		0.8199461558356403
2.0		0.5		1.0		-1		247000		1.216062947966765
2.0		0.5		1.0		1		247000		1.1895414446172643
2.0		0.5		1.0		2		247000		0.9256211294406219
2.0		0.5		1.0		3		247000		1.2161053204078154
2.0		0.5		1.0		4		247000		0.8978989834908188
2.0		1.0		1.0		-1		247000		1.0685437826075748
2.0		1.0		1.0		1		247000		1.0438918471241883
2.0		1.0		1.0		2		247000		0.8197811810256056
2.0		1.0		1.0		3		247000		1.0685867792542971
2.0		1.0		1.0		4		247000		0.7962268593480243
2.0		2.0		1.0		-1		247000		0.9463421663789398
2.0		2.0		1.0		1		247000		0.9218899133670392
2.0		2.0		1.0		2		247000		0.7312574747387224
2.0		2.0		1.0		3		247000		0.9463848683039788
2.0		2.0		1.0		4		247000		0.7110475657347717
1.0		1.0		1.0		-1		247000		1.2474509000000114
1.0		1.0		1.0		-1		247001		1.2958149088821598
1.0		1.0		1.0		-1		247002		1.336261358558279
1.0		1.0		1.0		-1		247003		1.258398516731938
1.0		1.0		1.0		-1		247004		1.1807405646458076
1.0		1.0		1.0		-1		247005		1.5269817525122864
1.0		1.0		1.0		-1		247006		1.2088471951323048
1.0		1.0		1.0		-1		247007		1.1900751211486285
1.0		1.0		1.0		-1		247008		1.264621266366187
1.0		1.0		1.0		-1		247009		1.2887096003596246
1.0		1.0		1.0		-1		247010		1.2936939828773226
1.0		1.0		1.0		-1		247011		1.155018464906129
1.0		1.0		1.0		-1		247012		1.2789443866479062
1.0		1.0		1.0		-1		247013		1.1532762147600981
1.0		1.0		1.0		-1		247014		1.332761086674054
1.0		1.0		1.0		-1		247015		1.2492003543624581
1.0		1.0		1.0		-1		247016		1.058276111389901
1.0		1.0		1.0		-1		247017		1.1874596884343571
1.0		1.0		1.0		-1		247018		1.2885826026734082
1.0		1.0		1.0		-1		247019		1.2104819543484189
1.0		1.0		1.0		-1		247020		1.2333411405897614
1.0		1.0		1.0		-1		247021		1.2534399342828313
1.0		1.0		1.0		-1		247022		1.2532928712369777
1.0		1.0		1.0		-1		247023		1.4944422224544534
1.0		1.0		1.0		-1		247024		1.3493549104363425
1.0		1.0		1.0		-1		247025		1.3438786083836085
1.0		1.0		1.0		-1		247026		1.1985130984156307
1.0		1.0		1.0		-1		247027		1.1047527449868109
1.0		1.0		1.0		-1		247028		1.1535375727741501
1.0		1.0		1.0		-1		247029		1.4226292380088341
1.0		1.0		1.0		-1		247030		1.3428507526746265
1.0		1.0		1.0		-1		247031		1.2402602334518809
1.0		1.0		1.0		-1		247032		1.1954088333965114
1.0		1.0		1.0		-1		247033		1.11610809752708
1.0		1.0		1.0		-1		247034		1.3053666051069523
1.0		1.0		1.0		-1		247035		1.1276301882443678
1.0		1.0		1.0		-1		247036		1.2694217046408176
1.0		1.0		1.0		-1		247037		1.2156919872359069
1.0		1.0		1.0		-1		247038		1.266583105013826
1.0		1.0		1.0		-1		247039		1.2687359963887437
1.0		1.0		1.0		-1		247040		1.1909171448817741
1.0		1.0		1.0		-1		247041		1.3098296697203313
1.0		1.0		1.0		-1		247042		1.239022424251173
1.0		1.0		1.0		-1		247043		1.2710837808418918
1.0		1.0		1.0		-1		247044		1.1489859365601092
1.0		1.0		1.0		-1		247045		1.2132126296156889
1.0		1.0		1.0		-1		247046		1.153323819345179
1.0		1.0		1.0		-1		247047		1.1162407818590108
1.0		1.0		1.0		-1		247048		1.2732270653802717
1.0		1.0		1.0		-1		247049		1.1565977208309857
1.0		1.0		1.0		-1		247050		1.245586245423963
1.0		1.0		1.0		-1		247051		1.3275408993694766
1.0		1.0		1.0		-1		247052		1.1620654842487883
1.0		1.0		1.0		-1		247053		1.320755709843414
1.0		1.0		1.0		-1		247054		1.1092025106615984
1.0		1.0		1.0		-1		247055		1.0126475116408895
1.0		1.0		1.0		-1		247056		1.4613974217079733
1.0		1.0		1.0		-1		247057		1.3955919008005095
1.0		1.0		1.0		-1		247058		1.2613638572540744
1.0		1.0		1.0		-1		247059		1.322175328704481
1.0		1.0		1.0		-1		247060		1.2628306344209603
1.0		1.0		1.0		-1		247061		1.1549907040276624
1.0		1.0		1.0		-1		247062		1.1818670767554367
1.0		1.0		1.0		-1		247063		1.1119591517160268
1.0		1.0		1.0		-1		247064		1.1931027302378339
1.0		1.0		1.0		-1		247065		1.1556956424220584
1.0		1.0		1.0		-1		247066		1.195788965177555
1.0		1.0		1.0		-1		247067		1.2149372654634056
1.0		1.0		1.0		-1		247068		1.2548812933348608
1.0		1.0		1.0		-1		247069		1.1852720591766281
1.0		1.0		1.0		-1		247070		1.1508947464946682
1.0		1.0		1.0		-1		247071		1.3755890921684442
1.0		1.0		1.0		-1		247072		1.2297468177262036
1.0		1.0		1.0		-1		247073		1.3124198268949405
1.0		1.0		1.0		-1		247074		1.2744492636023397
1.0		1.0		1.0		-1		247075		1.2085708812172395
1.0		1.0		1.0		-1		247076		1.1981377884255382
1.0		1.0		1.0		-1		247077		1.2084282813287461
1.0		1.0		1.0		-1		247078		1.2259695700178566
1.0		1.0		1.0		-1		247079		1.410844584622885
1.0		1.0		1.0		-1		247080		1.534008792840166
1.0		1.0		1.0		-1		247081		1.2656405481672066
1.0		1.0		1.0		-1		247082		1.241391070277512
1.0		1.0		1.0		-1		247083		1.1792799320489242
1.0		1.0		1.0		-1		247084		1.3146150758241915
1.0		1.0		1.0		-1		247085		1.2321597633353
1.0		1.0		1.0		-1		247086		1.2059473582375677
1.0		1.0		1.0		-1		247087		1.3287437028841291
1.0		1.0		1.0		-1		247088		1.3530616674361946
1.0		1.0		1.0		-1		247089		1.2798306003981814
1.0		1.0		1.0		-1		247090		1.2134513346956965
1.0		1.0		1.0		-1		247091		1.3963585747862814
1.0		1.0		1.0		-1		247092		1.2999153936106482
1.0		1.0		1.0		-1		247093		1.2968013866466215
1.0		1.0		1.0		-1		247094		1.309160738768028
1.0		1.0		1.0		-1		247095		1.2227372671915269
1.0		1.0		1.0		-1		247096		1.389186134933398
1.0		1.0		1.0		-1		247097		0.9807036905998655
1.0		1.0		1.0		-1		247098		1.2849232640772532
1.0		1.0		1.0		-1		247099		1.152824044795381
1.0		1.0		1.0		-1		247100		1.2007711532023875

#***************************************************************************
#
# original cross-section: 1.2474509000000114
#     scale variation: +34.6% -24.1%
#     central scheme variation: +0.00345% -26.4%
# PDF variation: +7.84% -7.84%
#
# dynamical scheme # 1 : 1.22295 +36% -24.6% # \sum ET
# dynamical scheme # 2 : 0.946385 +31.8% -22.7% # \sum\sqrt{m^2+pt^2}
# dynamical scheme # 3 : 1.24749 +34.6% -24.1% # 0.5 \sum\sqrt{m^2+pt^2}
# dynamical scheme # 4 : 0.918178 +31.5% -22.6% # \sqrt{\hat s}
#***************************************************************************
